[    9824ms] [ERROR] Failed to load resource: the server responded with a status of 404 (Not Found) @ http://localhost:8000/api/workflows/ac2068d9-716a-4cbf-a7e6-0a4ad8b7019d:0
[   10829ms] [ERROR] Failed to load resource: the server responded with a status of 404 (Not Found) @ http://localhost:8000/api/workflows/ac2068d9-716a-4cbf-a7e6-0a4ad8b7019d:0
[   12839ms] [ERROR] Failed to load resource: the server responded with a status of 404 (Not Found) @ http://localhost:8000/api/workflows/ac2068d9-716a-4cbf-a7e6-0a4ad8b7019d:0
[   16848ms] [ERROR] Failed to load resource: the server responded with a status of 404 (Not Found) @ http://localhost:8000/api/workflows/ac2068d9-716a-4cbf-a7e6-0a4ad8b7019d:0
[   18858ms] [ERROR] Failed to load resource: the server responded with a status of 404 (Not Found) @ http://localhost:8000/api/workflows/ac2068d9-716a-4cbf-a7e6-0a4ad8b7019d:0
[   19868ms] [ERROR] Failed to load resource: the server responded with a status of 404 (Not Found) @ http://localhost:8000/api/workflows/ac2068d9-716a-4cbf-a7e6-0a4ad8b7019d:0
[   21878ms] [ERROR] Failed to load resource: the server responded with a status of 404 (Not Found) @ http://localhost:8000/api/workflows/ac2068d9-716a-4cbf-a7e6-0a4ad8b7019d:0
[   25887ms] [ERROR] Failed to load resource: the server responded with a status of 404 (Not Found) @ http://localhost:8000/api/workflows/ac2068d9-716a-4cbf-a7e6-0a4ad8b7019d:0
[   27904ms] [ERROR] Failed to load resource: the server responded with a status of 404 (Not Found) @ http://localhost:8000/api/workflows/ac2068d9-716a-4cbf-a7e6-0a4ad8b7019d:0
[   28920ms] [ERROR] Failed to load resource: the server responded with a status of 404 (Not Found) @ http://localhost:8000/api/workflows/ac2068d9-716a-4cbf-a7e6-0a4ad8b7019d:0
[   30926ms] [ERROR] Failed to load resource: the server responded with a status of 404 (Not Found) @ http://localhost:8000/api/workflows/ac2068d9-716a-4cbf-a7e6-0a4ad8b7019d:0
[   34936ms] [ERROR] Failed to load resource: the server responded with a status of 404 (Not Found) @ http://localhost:8000/api/workflows/ac2068d9-716a-4cbf-a7e6-0a4ad8b7019d:0
[   36944ms] [ERROR] Failed to load resource: the server responded with a status of 404 (Not Found) @ http://localhost:8000/api/workflows/ac2068d9-716a-4cbf-a7e6-0a4ad8b7019d:0
[   37951ms] [ERROR] Failed to load resource: the server responded with a status of 404 (Not Found) @ http://localhost:8000/api/workflows/ac2068d9-716a-4cbf-a7e6-0a4ad8b7019d:0
[   39964ms] [ERROR] Failed to load resource: the server responded with a status of 404 (Not Found) @ http://localhost:8000/api/workflows/ac2068d9-716a-4cbf-a7e6-0a4ad8b7019d:0
[   43974ms] [ERROR] Failed to load resource: the server responded with a status of 404 (Not Found) @ http://localhost:8000/api/workflows/ac2068d9-716a-4cbf-a7e6-0a4ad8b7019d:0
[   45985ms] [ERROR] Failed to load resource: the server responded with a status of 404 (Not Found) @ http://localhost:8000/api/workflows/ac2068d9-716a-4cbf-a7e6-0a4ad8b7019d:0
[   46994ms] [ERROR] Failed to load resource: the server responded with a status of 404 (Not Found) @ http://localhost:8000/api/workflows/ac2068d9-716a-4cbf-a7e6-0a4ad8b7019d:0
[   49005ms] [ERROR] Failed to load resource: the server responded with a status of 404 (Not Found) @ http://localhost:8000/api/workflows/ac2068d9-716a-4cbf-a7e6-0a4ad8b7019d:0
[   53013ms] [ERROR] Failed to load resource: the server responded with a status of 404 (Not Found) @ http://localhost:8000/api/workflows/ac2068d9-716a-4cbf-a7e6-0a4ad8b7019d:0
[   55028ms] [ERROR] Failed to load resource: the server responded with a status of 404 (Not Found) @ http://localhost:8000/api/workflows/ac2068d9-716a-4cbf-a7e6-0a4ad8b7019d:0
[   56035ms] [ERROR] Failed to load resource: the server responded with a status of 404 (Not Found) @ http://localhost:8000/api/workflows/ac2068d9-716a-4cbf-a7e6-0a4ad8b7019d:0
[   58048ms] [ERROR] Failed to load resource: the server responded with a status of 404 (Not Found) @ http://localhost:8000/api/workflows/ac2068d9-716a-4cbf-a7e6-0a4ad8b7019d:0
[   62060ms] [ERROR] Failed to load resource: the server responded with a status of 404 (Not Found) @ http://localhost:8000/api/workflows/ac2068d9-716a-4cbf-a7e6-0a4ad8b7019d:0
[   64088ms] [ERROR] Failed to load resource: the server responded with a status of 404 (Not Found) @ http://localhost:8000/api/workflows/ac2068d9-716a-4cbf-a7e6-0a4ad8b7019d:0
[   65102ms] [ERROR] Failed to load resource: the server responded with a status of 404 (Not Found) @ http://localhost:8000/api/workflows/ac2068d9-716a-4cbf-a7e6-0a4ad8b7019d:0
[   67112ms] [ERROR] Failed to load resource: the server responded with a status of 404 (Not Found) @ http://localhost:8000/api/workflows/ac2068d9-716a-4cbf-a7e6-0a4ad8b7019d:0
[   71123ms] [ERROR] Failed to load resource: the server responded with a status of 404 (Not Found) @ http://localhost:8000/api/workflows/ac2068d9-716a-4cbf-a7e6-0a4ad8b7019d:0
[   73139ms] [ERROR] Failed to load resource: the server responded with a status of 404 (Not Found) @ http://localhost:8000/api/workflows/ac2068d9-716a-4cbf-a7e6-0a4ad8b7019d:0
[   74148ms] [ERROR] Failed to load resource: the server responded with a status of 404 (Not Found) @ http://localhost:8000/api/workflows/ac2068d9-716a-4cbf-a7e6-0a4ad8b7019d:0
[   76158ms] [ERROR] Failed to load resource: the server responded with a status of 404 (Not Found) @ http://localhost:8000/api/workflows/ac2068d9-716a-4cbf-a7e6-0a4ad8b7019d:0
[   80166ms] [ERROR] Failed to load resource: the server responded with a status of 404 (Not Found) @ http://localhost:8000/api/workflows/ac2068d9-716a-4cbf-a7e6-0a4ad8b7019d:0
[  144038ms] [WARNING] The width(-1) and height(-1) of chart should be greater than 0,
       please check the style of container, or the props width(100%) and height(100%),
       or add a minWidth(0) or minHeight(undefined) or use aspect(undefined) to control the
       height and width. @ http://localhost:3000/_next/static/chunks/11-5f26edd12805d718.js:0
